<?xml version="1.0" encoding="UTF-8"?>
<!-- Generated by org.testng.reporters.JUnitReportReporter -->
<testsuite hostname="Kishores-MacBook-Air.local" failures="0" tests="10" name="testng.ThreadPoolSize" time="0.101" errors="0" timestamp="2022-09-29T16:35:02 IST" skipped="0">
  <testcase classname="testng.ThreadPoolSize" name="TestCase" time="0.002"/>
  <system-out/>
  <testcase classname="testng.ThreadPoolSize" name="TestCase" time="0.011"/>
  <system-out/>
  <testcase classname="testng.ThreadPoolSize" name="TestCase" time="0.014"/>
  <system-out/>
  <testcase classname="testng.ThreadPoolSize" name="TestCase" time="0.003"/>
  <system-out/>
  <testcase classname="testng.ThreadPoolSize" name="TestCase" time="0.002"/>
  <system-out/>
  <testcase classname="testng.ThreadPoolSize" name="TestCase" time="0.010"/>
  <system-out/>
  <testcase classname="testng.ThreadPoolSize" name="TestCase" time="0.019"/>
  <system-out/>
  <testcase classname="testng.ThreadPoolSize" name="TestCase" time="0.013"/>
  <system-out/>
  <testcase classname="testng.ThreadPoolSize" name="TestCase" time="0.014"/>
  <system-out/>
  <testcase classname="testng.ThreadPoolSize" name="TestCase" time="0.013"/>
  <system-out/>
</testsuite> <!-- testng.ThreadPoolSize -->
