<?xml version="1.0" encoding="UTF-8"?>
<!-- Generated by org.testng.reporters.JUnitReportReporter -->
<testsuite hostname="Kishores-MacBook-Air.local" failures="0" tests="4" name="testng.DataProviderWithArguments" time="0.019" errors="0" timestamp="2022-09-29T17:54:03 IST" skipped="0">
  <testcase classname="testng.DataProviderWithArguments" name="performance" time="0.010"/>
  <system-out/>
  <testcase classname="testng.DataProviderWithArguments" name="performance" time="0.002"/>
  <system-out/>
  <testcase classname="testng.DataProviderWithArguments" name="performance" time="0.004"/>
  <system-out/>
  <testcase classname="testng.DataProviderWithArguments" name="performance" time="0.003"/>
  <system-out/>
</testsuite> <!-- testng.DataProviderWithArguments -->
