<?xml version="1.0" encoding="UTF-8"?>
<!-- Generated by org.testng.reporters.JUnitReportReporter -->
<testsuite hostname="Kishores-MacBook-Air.local" failures="0" tests="2" name="testng.TestNGClass" time="0.168" errors="0" timestamp="2022-09-29T16:17:28 IST" skipped="0">
  <testcase classname="testng.TestNGClass" name="testCase_04" time="0.003"/>
  <system-out/>
  <testcase classname="testng.TestNGClass" name="testCase_01" time="0.165"/>
  <system-out/>
</testsuite> <!-- testng.TestNGClass -->
