<?xml version="1.0" encoding="UTF-8"?>
<!-- Generated by org.testng.reporters.JUnitReportReporter -->
<testsuite hostname="Kishores-MacBook-Air.local" failures="0" tests="2" name="testng.GroupExecutionUsingGroups_01" time="0.124" errors="0" timestamp="2022-09-30T13:00:04 IST" skipped="0">
  <testcase classname="testng.GroupExecutionUsingGroups_01" name="testCase02" time="0.003"/>
  <system-out/>
  <testcase classname="testng.GroupExecutionUsingGroups_01" name="testCase01" time="0.121"/>
  <system-out/>
</testsuite> <!-- testng.GroupExecutionUsingGroups_01 -->
