<?xml version="1.0" encoding="UTF-8"?>
<!-- Generated by org.testng.reporters.JUnitReportReporter -->
<testsuite hostname="Kishores-MacBook-Air.local" failures="0" tests="4" name="testng.TestMethodDependent" time="0.172" errors="0" timestamp="2022-09-29T19:01:29 IST" skipped="0">
  <testcase classname="testng.TestMethodDependent" name="rcb" time="0.108"/>
  <system-out/>
  <testcase classname="testng.TestMethodDependent" name="csk" time="0.030"/>
  <system-out/>
  <testcase classname="testng.TestMethodDependent" name="mi" time="0.023"/>
  <system-out/>
  <testcase classname="testng.TestMethodDependent" name="india" time="0.011"/>
  <system-out/>
</testsuite> <!-- testng.TestMethodDependent -->
