<?xml version="1.0" encoding="UTF-8"?>
<!-- Generated by org.testng.reporters.JUnitReportReporter -->
<testsuite hostname="Kishores-MacBook-Air.local" failures="0" tests="5" name="testng.PrioritisingTestCase" time="0.072" errors="0" timestamp="2022-09-29T18:27:38 IST" skipped="0">
  <testcase classname="testng.PrioritisingTestCase" name="testCase_05" time="0.056"/>
  <system-out/>
  <testcase classname="testng.PrioritisingTestCase" name="testCase_03" time="0.003"/>
  <system-out/>
  <testcase classname="testng.PrioritisingTestCase" name="testCase_04" time="0.001"/>
  <system-out/>
  <testcase classname="testng.PrioritisingTestCase" name="testCase_02" time="0.005"/>
  <system-out/>
  <testcase classname="testng.PrioritisingTestCase" name="testCase_01" time="0.007"/>
  <system-out/>
</testsuite> <!-- testng.PrioritisingTestCase -->
