<?xml version="1.0" encoding="UTF-8"?>
<!-- Generated by org.testng.reporters.JUnitReportReporter -->
<testsuite hostname="Kishores-MacBook-Air.local" failures="0" tests="2" name="testng.GroupExecutionUsingGroups_02" time="0.076" errors="0" timestamp="2022-09-30T13:00:04 IST" skipped="0">
  <testcase classname="testng.GroupExecutionUsingGroups_02" name="testCase03" time="0.073"/>
  <system-out/>
  <testcase classname="testng.GroupExecutionUsingGroups_02" name="testCase04" time="0.003"/>
  <system-out/>
</testsuite> <!-- testng.GroupExecutionUsingGroups_02 -->
