<?xml version="1.0" encoding="UTF-8"?>
<!-- Generated by org.testng.reporters.JUnitReportReporter -->
<testsuite hostname="Kishores-MacBook-Air.local" failures="0" tests="3" name="testng.DataProviderInAnotherClass" time="0.023" errors="0" timestamp="2022-09-29T18:11:12 IST" skipped="0">
  <testcase classname="testng.DataProviderInAnotherClass" name="ipl" time="0.013"/>
  <system-out/>
  <testcase classname="testng.DataProviderInAnotherClass" name="ipl" time="0.002"/>
  <system-out/>
  <testcase classname="testng.DataProviderInAnotherClass" name="ipl" time="0.008"/>
  <system-out/>
</testsuite> <!-- testng.DataProviderInAnotherClass -->
