<?xml version="1.0" encoding="UTF-8"?>
<!-- Generated by org.testng.reporters.JUnitReportReporter -->
<testsuite hostname="Kishores-MacBook-Air.local" failures="0" tests="1" name="testng.TimeCriticalTestCaseUsingTimeOut" time="18.777" errors="0" timestamp="2022-09-29T16:48:06 IST" skipped="0">
  <testcase classname="testng.TimeCriticalTestCaseUsingTimeOut" name="TimecritialTest" time="18.777"/>
  <system-out/>
</testsuite> <!-- testng.TimeCriticalTestCaseUsingTimeOut -->
