<?xml version="1.0" encoding="UTF-8"?>
<!-- Generated by org.testng.reporters.JUnitReportReporter -->
<testsuite hostname="Kishores-MacBook-Air.local" failures="0" tests="5" name="testng.MultipletestCase" time="0.100" errors="0" timestamp="2022-09-29T16:53:32 IST" skipped="0">
  <testcase classname="testng.MultipletestCase" name="iphone" time="0.014"/>
  <system-out/>
  <testcase classname="testng.MultipletestCase" name="samsung" time="0.008"/>
  <system-out/>
  <testcase classname="testng.MultipletestCase" name="redmi" time="0.074"/>
  <system-out/>
  <testcase classname="testng.MultipletestCase" name="nokia" time="0.002"/>
  <system-out/>
  <testcase classname="testng.MultipletestCase" name="onePlus" time="0.002"/>
  <system-out/>
</testsuite> <!-- testng.MultipletestCase -->
