<?xml version="1.0" encoding="UTF-8"?>
<!-- Generated by org.testng.reporters.JUnitReportReporter -->
<testsuite hostname="Kishores-MacBook-Air.local" failures="0" tests="4" name="testng.TestMethodStoppingFromTheExecutionTest" time="0.063" errors="0" timestamp="2022-09-29T19:23:56 IST" skipped="1">
  <testcase classname="testng.TestMethodStoppingFromTheExecutionTest" name="india" time="0.059"/>
  <system-out/>
  <testcase classname="testng.TestMethodStoppingFromTheExecutionTest" name="mi" time="0.002"/>
  <system-out/>
  <testcase classname="testng.TestMethodStoppingFromTheExecutionTest" name="rcb" time="0.002"/>
  <system-out/>
  <testcase classname="testng.TestMethodStoppingFromTheExecutionTest" name="csk">
    <skipped/>
  </testcase> <!-- csk -->
  <system-out/>
</testsuite> <!-- testng.TestMethodStoppingFromTheExecutionTest -->
