<?xml version="1.0" encoding="UTF-8"?>
<!-- Generated by org.testng.reporters.JUnitReportReporter -->
<testsuite hostname="Kishores-MacBook-Air.local" failures="0" tests="10" name="TestNgClassWIthInvocationCount" time="0.105" errors="0" timestamp="2022-09-29T16:22:24 IST" skipped="0">
  <testcase classname="TestNgClassWIthInvocationCount" name="TestCase_04" time="0.004"/>
  <system-out/>
  <testcase classname="TestNgClassWIthInvocationCount" name="TestCase_01" time="0.015"/>
  <system-out/>
  <testcase classname="TestNgClassWIthInvocationCount" name="TestCase_02" time="0.001"/>
  <system-out/>
  <testcase classname="TestNgClassWIthInvocationCount" name="TestCase_01" time="0.003"/>
  <system-out/>
  <testcase classname="TestNgClassWIthInvocationCount" name="TestCase_02" time="0.002"/>
  <system-out/>
  <testcase classname="TestNgClassWIthInvocationCount" name="TestCase_03" time="0.002"/>
  <system-out/>
  <testcase classname="TestNgClassWIthInvocationCount" name="TestCase_03" time="0.004"/>
  <system-out/>
  <testcase classname="TestNgClassWIthInvocationCount" name="TestCase_02" time="0.004"/>
  <system-out/>
  <testcase classname="TestNgClassWIthInvocationCount" name="TestCase_03" time="0.066"/>
  <system-out/>
  <testcase classname="TestNgClassWIthInvocationCount" name="TestCase_03" time="0.004"/>
  <system-out/>
</testsuite> <!-- TestNgClassWIthInvocationCount -->
